[backblue.gif]
[fade.gif]
[index.html]
[static.wixstatic.com/media/adcb2b_f3c5b3a4dad146f7bd2356dcd2945427_mv2.png/v1/fill/w_32,h_32,lg_1,usm_0.66_1.00_0.01/adcb2b_f3c5b3a4dad146f7bd2356dcd2945427_mv2.png]
[static.parastorage.com/unpkg/focus-within-polyfill@5.0.9/dist/focus-within-polyfill.js]
[static.parastorage.com/unpkg/core-js-bundle@3.2.1/minified.js]
[www.tmax.co.kr/47b73115.min.css]
[polyfill.io/v3/polyfill.mind82c.js]
[www.tmax.co.kr/1a3ca2ee.min.css]
[www.tmax.co.kr/16e44c05.min.css]
[static.parastorage.com/services/wix-thunderbolt/dist/index.html]
[www.tmax.co.kr/6ac53ab7.min.css]
[www.tmax.co.kr/02595569.min.css]
[www.tmax.co.kr/e5861f41.min.css]
[www.tmax.co.kr/c53e42d7.min.css]
[www.tmax.co.kr/da6c52cb.min.css]
[www.tmax.co.kr/3d2759f7.min.css]
[www.tmax.co.kr/960c3a88.min.css]
[www.tmax.co.kr/390543ac.min.css]
[www.tmax.co.kr/15b8d937.min.css]
[www.tmax.co.kr/f36661fb.min.css]
[www.tmax.co.kr/aa613bd1.min.css]
[www.tmax.co.kr/395efea1.min.css]
[www.tmax.co.kr/6daaad8b.min.css]
[www.tmax.co.kr/bf91693c.min.css]
[www.tmax.co.kr/b4ae8803.min.css]
[www.tmax.co.kr/62ccedec.min.css]
[www.tmax.co.kr/ae08c227.min.css]
[www.tmax.co.kr/11f27093.min.css]
[www.tmax.co.kr/9b155e90.min.css]
[www.tmax.co.kr/4ec2545d.min.css]
[www.tmax.co.kr/1bbe301d.min.css]
[www.tmax.co.kr/e78a13b3.min.css]
[www.tmax.co.kr/b604fd33.min.css]
[www.tmax.co.kr/48c6d58d.min.css]
[www.tmax.co.kr/439c90c8.min.css]
[www.tmax.co.kr/cd69f57c.min.css]
[www.tmax.co.kr/bc223d50.min.css]
[www.tmax.co.kr/bc2466c0.min.css]
[www.tmax.co.kr/5d7b6bbf.min.css]
[www.tmax.co.kr/3fdab364.min.css]
[www.tmax.co.kr/20d93486.min.css]
[www.tmax.co.kr/9692b4a8.min.css]
[www.tmax.co.kr/914012ea.min.css]
[www.tmax.co.kr/ffa0eb8f.min.css]
[www.tmax.co.kr/fe8be6d6.min.css]
[www.tmax.co.kr/a28cca36.min.css]
[www.tmax.co.kr/02b07b80.min.css]
[www.tmax.co.kr/265e9a4a.min.css]
[www.tmax.co.kr/ff342417.min.css]
[www.tmax.co.kr/2a1582d7.min.css]
[www.tmax.co.kr/eb321d93.min.css]
[www.tmax.co.kr/06cfef68.min.css]
[www.tmax.co.kr/49a18e23.min.css]
[www.tmax.co.kr/2467b183.min.css]
[www.tmax.co.kr/f9fd7cbe.min.css]
[www.tmax.co.kr/e142d0f4.min.css]
[www.tmax.co.kr/96a73741.min.css]
[www.tmax.co.kr/4c758e80.min.css]
[www.tmax.co.kr/44b62fdc.min.css]
[www.tmax.co.kr/7f8c7c3e.min.css]
[www.tmax.co.kr/fbbc0ea4.min.css]
[www.tmax.co.kr/5d29307d.min.css]
[www.tmax.co.kr/85af43ab.min.css]
[www.tmax.co.kr/7010eb60.min.css]
[www.tmax.co.kr/566bec70.min.css]
[www.tmax.co.kr/fc40122e.min.css]
[www.tmax.co.kr/45242c23.min.css]
[www.tmax.co.kr/0efca64c.min.css]
[www.tmax.co.kr/42ccdc69.min.css]
[www.tmax.co.kr/4ea3b970.min.css]
[www.tmax.co.kr/0ee85551.min.css]
[www.tmax.co.kr/085f85ee.min.css]
[www.tmax.co.kr/fc21aae5.min.css]
[www.tmax.co.kr/641eb53d.min.css]
[www.tmax.co.kr/cabcae51.min.css]
[www.tmax.co.kr/b66c178d.min.css]
[www.tmax.co.kr/c7fdedca.min.css]
[www.tmax.co.kr/ce9dcea4.min.css]
[www.tmax.co.kr/bc497b45.min.css]
[www.tmax.co.kr/2acb415c.min.css]
[www.tmax.co.kr/7d6cd51b.min.css]
[www.tmax.co.kr/16e57088.min.css]
[www.tmax.co.kr/0a1c073a.min.css]
[www.tmax.co.kr/1ac8fc0f.min.css]
[www.tmax.co.kr/e5d84163.min.css]
[www.tmax.co.kr/d5f023bb.min.css]
[www.tmax.co.kr/d820de38.min.css]
[www.tmax.co.kr/012dc85e.min.css]
[www.tmax.co.kr/9d29a199.min.css]
[www.tmax.co.kr/381ee71b.min.css]
[www.tmax.co.kr/bf413556.min.css]
[www.tmax.co.kr/316080a6.min.css]
[www.tmax.co.kr/51a9742f.min.css]
[www.tmax.co.kr/bf732f1f.min.css]
[www.tmax.co.kr/99f4b3eb.min.css]
[www.tmax.co.kr/a545d558.min.css]
[www.tmax.co.kr/2dbd3d0a.min.css]
[www.tmax.co.kr/5346ce3f.min.css]
[www.tmax.co.kr/f658a9c4.min.css]
[www.tmax.co.kr/7c9ceb1e.min.css]
[www.tmax.co.kr/aa72298b.min.css]
[www.tmax.co.kr/6ea2cb1c.min.css]
[www.tmax.co.kr/a9c2732c.min.css]
[www.tmax.co.kr/93e61b80.min.css]
[www.tmax.co.kr/4bbd8d4f.min.css]
[www.tmax.co.kr/f4297adc.min.css]
[www.tmax.co.kr/f3af5621.min.67.delayed]
[www.tmax.co.kr/23167c06.min.css]
[www.tmax.co.kr/4c919285.min.css]
[www.tmax.co.kr/99e902d9.min.css]
[www.tmax.co.kr/7761d6fc.min.css]
[www.tmax.co.kr/164e68d9.min.css]
[www.tmax.co.kr/40e5d5cf.min.css]
[www.tmax.co.kr/7c602eb2.min.css]
[www.tmax.co.kr/6b4c7217.min.css]
[www.tmax.co.kr/5b26625f.min.css]
[www.tmax.co.kr/2e327647.min.css]
[www.tmax.co.kr/4a6a7fc9.min.css]
[www.tmax.co.kr/f52e40aa.min.css]
[www.tmax.co.kr/29ef3ea9.min.css]
[www.tmax.co.kr/8a33f286.min.css]
[www.tmax.co.kr/a1e4335b.min.css]
[www.tmax.co.kr/6df35c38.min.css]
[www.tmax.co.kr/b8760986.min.css]
[www.tmax.co.kr/37bd0eeb.min.css]
[www.tmax.co.kr/8d04f72e.min.css]
[www.tmax.co.kr/84c587cd.min.css]
[www.tmax.co.kr/23e436be.min.css]
[www.tmax.co.kr/41f1fa78.min.css]
[www.tmax.co.kr/3e581339.min.css]
[www.tmax.co.kr/a2f0f523.min.css]
[www.tmax.co.kr/86aca973.min.css]
[www.tmax.co.kr/7c1692b1.min.css]
[www.tmax.co.kr/8005d5c1.min.css]
[www.tmax.co.kr/0e20a470.min.css]
[www.tmax.co.kr/c9b5bd15.min.css]
[www.tmax.co.kr/8c688a9d.min.css]
[www.tmax.co.kr/6b1e299b.min.css]
[www.tmax.co.kr/11d68990.min.css]
[www.tmax.co.kr/3f166307.min.css]
[www.tmax.co.kr/1355ec40.min.css]
[www.tmax.co.kr/48220e7a.min.css]
[www.tmax.co.kr/eca71e40.min.css]
[www.tmax.co.kr/024f5250.min.css]
[www.tmax.co.kr/54e8ad37.min.css]
[www.tmax.co.kr/c79634ce.min.css]
[www.tmax.co.kr/036d1c2c.min.css]
[www.tmax.co.kr/04c30725.min.css]
[www.tmax.co.kr/685dda1c.min.css]
[www.tmax.co.kr/70558d9b.min.css]
[www.tmax.co.kr/b43bc41a.min.css]
[www.tmax.co.kr/aff3efe3.min.css]
[www.tmax.co.kr/44306cc3.min.css]
[www.tmax.co.kr/f08a1c03.min.css]
[www.tmax.co.kr/6818c64c.min.css]
[www.tmax.co.kr/4fa4a352.min.css]
[www.tmax.co.kr/97d7cd97.min.css]
[www.tmax.co.kr/a1e76019.min.css]
[www.tmax.co.kr/b4bc6361.min.css]
[www.tmax.co.kr/9eed3e82.min.css]
[www.tmax.co.kr/ce776e38.min.css]
[www.tmax.co.kr/4a43b954.min.css]
[www.tmax.co.kr/799d016a.min.css]
[www.tmax.co.kr/c434348a.min.css]
[www.tmax.co.kr/4038e1e2.min.css]
[www.tmax.co.kr/c24f5e69.min.css]
[www.tmax.co.kr/8ab00128.min.css]
[www.tmax.co.kr/45eee88d.min.css]
[www.tmax.co.kr/7df86004.min.css]
[www.tmax.co.kr/145b5660.min.css]
[www.tmax.co.kr/3e624017.min.css]
[www.tmax.co.kr/eb810a4a.min.css]
[www.tmax.co.kr/81ed76c3.min.css]
[www.tmax.co.kr/d1f9c7e6.min.css]
[www.tmax.co.kr/34377b4a.min.css]
[www.tmax.co.kr/fcdab481.min.css]
[www.tmax.co.kr/b0da3a19.min.css]
[www.tmax.co.kr/70e8afa8.min.css]
[www.tmax.co.kr/9c39b1d1.min.css]
[www.tmax.co.kr/59f9faa0.min.css]
[www.tmax.co.kr/b92ba9ff.min.css]
[www.tmax.co.kr/91e61dab.min.css]
[www.tmax.co.kr/41f245d4.min.css]
[www.tmax.co.kr/e24e08e7.min.css]
[www.tmax.co.kr/2366b4ac.min.css]
[www.tmax.co.kr/234a3248.min.css]
[www.tmax.co.kr/13eb5276.min.css]
[www.tmax.co.kr/2978359e.min.css]
[www.tmax.co.kr/4b1f6567.min.css]
[www.tmax.co.kr/4e6fba8d.min.css]
[www.tmax.co.kr/883064bf.min.css]
[www.tmax.co.kr/55fd4990.min.css]
[www.tmax.co.kr/882dfccd.min.css]
[www.tmax.co.kr/70efe3c5.min.css]
[www.tmax.co.kr/6d011635.min.css]
[www.tmax.co.kr/af38aead.min.css]
[www.tmax.co.kr/39cfb47d.min.css]
[www.tmax.co.kr/1a1f2ab9.min.css]
[www.tmax.co.kr/5ed4e092.min.css]
[www.tmax.co.kr/75512b1a.min.css]
[www.tmax.co.kr/2a38244f.min.css]
[www.tmax.co.kr/837e8139.min.css]
[www.tmax.co.kr/f8ec65c6.min.css]
[www.tmax.co.kr/913e0517.min.css]
[www.tmax.co.kr/2ce475e3.min.css]
[www.tmax.co.kr/96f4b814.min.css]
[www.tmax.co.kr/efcd8729.min.cb.delayed]
[www.tmax.co.kr/0ebb4539.min.css]
[www.tmax.co.kr/c9371416.min.css]
[www.tmax.co.kr/84fca3f0.min.css]
[www.tmax.co.kr/44b60e9d.min.css]
[www.tmax.co.kr/48e483a5.min.css]
[www.tmax.co.kr/100a01ba.min.css]
[www.tmax.co.kr/dba31346.min.css]
[www.tmax.co.kr/5a61fee8.min.css]
[www.tmax.co.kr/6010b816.min.css]
[www.tmax.co.kr/99e9084d.min.css]
[www.tmax.co.kr/39cdb6e7.min.css]
[www.tmax.co.kr/98f5e34d.min.css]
[www.tmax.co.kr/4bd62377.min.css]
[www.tmax.co.kr/f6b4449f.min.css]
[www.tmax.co.kr/692d3cfd.min.css]
[www.tmax.co.kr/dda10bbb.min.css]
[www.tmax.co.kr/826aa068.min.css]
[www.tmax.co.kr/71561e01.min.css]
[www.tmax.co.kr/2aa93db9.min.css]
[www.tmax.co.kr/ac1f0c83.min.css]
[www.tmax.co.kr/3fc3aa14.min.css]
[www.tmax.co.kr/eed9660c.min.css]
[www.tmax.co.kr/e98ddd9c.min.css]
[www.tmax.co.kr/9f54505f.min.css]
[www.tmax.co.kr/82a3c6bd.min.css]
[www.tmax.co.kr/959e5e9e.min.css]
[www.tmax.co.kr/c6933345.min.css]
[www.tmax.co.kr/7ac66a81.min.css]
[www.tmax.co.kr/7f6e9aff.min.css]
[www.tmax.co.kr/7197ceeb.min.css]
[www.tmax.co.kr/4d761874.min.css]
[www.tmax.co.kr/57ee110f.min.css]
[www.tmax.co.kr/723e4fed.min.css]
[www.tmax.co.kr/7d0d5475.min.css]
[www.tmax.co.kr/d9e9ecf4.min.css]
[www.tmax.co.kr/4d71157d.min.css]
[www.tmax.co.kr/30611ad6.min.css]
[www.tmax.co.kr/3107aee2.min.css]
[www.tmax.co.kr/add763df.min.css]
[www.tmax.co.kr/20a005d9.min.css]
[www.tmax.co.kr/f12c724d.min.css]
[www.tmax.co.kr/b240b5cd.min.css]
[www.tmax.co.kr/9d437fe6.min.css]
[www.tmax.co.kr/c79506ef.min.css]
[www.tmax.co.kr/2683b280.min.css]
[www.tmax.co.kr/e356d735.min.css]
[www.tmax.co.kr/1fef0d1f.min.css]
[www.tmax.co.kr/4e9ee1a3.min.css]
[www.tmax.co.kr/8845e14b.min.css]
[www.tmax.co.kr/a7d5ac4b.min.css]
[www.tmax.co.kr/015a530e.min.css]
[www.tmax.co.kr/b6e3e82f.min.css]
[www.tmax.co.kr/731d5bce.min.css]
[www.tmax.co.kr/c61ac2b6.min.css]
[www.tmax.co.kr/c9d89f77.min.css]
[www.tmax.co.kr/77753e29.min.css]
[www.tmax.co.kr/2a3ba4df.min.css]
[www.tmax.co.kr/1150efce.min.css]
[www.tmax.co.kr/dbfd66d7.min.css]
[www.tmax.co.kr/e1813de1.min.css]
[www.tmax.co.kr/34b72cf9.min.css]
[www.tmax.co.kr/5d684912.min.css]
[www.tmax.co.kr/07d43a5b.min.css]
[www.tmax.co.kr/74e60b57.min.css]
[www.tmax.co.kr/71b202df.min.css]
[www.tmax.co.kr/b1140d86.min.css]
[www.tmax.co.kr/cd620fee.min.css]
[www.tmax.co.kr/ed87aa35.min.css]
[www.tmax.co.kr/f0dc1b0d.min.css]
[www.tmax.co.kr/a5995c4f.min.css]
[www.tmax.co.kr/8df597f4.min.css]
[www.tmax.co.kr/28856597.min.css]
[www.tmax.co.kr/5d8342a8.min.css]
[www.tmax.co.kr/2ebba997.min.css]
[www.tmax.co.kr/752ed7c6.min.css]
[www.tmax.co.kr/ecd167d2.min.css]
[www.tmax.co.kr/c64b57c8.min.css]
[www.tmax.co.kr/27565bf7.min.css]
[www.tmax.co.kr/426f7bc5.min.css]
[www.tmax.co.kr/f605a452.min.css]
[www.tmax.co.kr/38f9ee39.min.css]
[www.tmax.co.kr/90ab4450.min.css]
[www.tmax.co.kr/da15e916.min.css]
[www.tmax.co.kr/8a50d1c3.min.css]
[www.tmax.co.kr/912c5006.min.css]
[www.tmax.co.kr/60bf524a.min.css]
[www.tmax.co.kr/696515ba.min.css]
[www.tmax.co.kr/608b9e21.chunk.min.js]
[www.tmax.co.kr/eb2749c3.chunk.min.js]
[www.tmax.co.kr/95694db6.chunk.min.js]
[www.tmax.co.kr/95dab5f2.chunk.min.js]
[www.tmax.co.kr/rb_wixui.thunderbolt_bootstrap-classic.0d371d24.chunk.min.js]
[www.tmax.co.kr/rb_wixui.thunderbolt_common-site-members-dialogs.63305b9e.chunk.min.css]
[www.tmax.co.kr/rb_wixui.thunderbolt_common-site-members-dialogs.95dab5f2.chunk.min.js]
[www.tmax.co.kr/rb_wixui.thunderbolt_bootstrap-responsive.a66c1914.chunk.min.css]
[www.tmax.co.kr/rb_wixui.thunderbolt_bootstrap-responsive.95694db6.chunk.min.js]
[www.tmax.co.kr/rb_wixui.thunderbolt_bootstrap.d2bc8922.chunk.min.css]
[www.tmax.co.kr/rb_wixui.thunderbolt_bootstrap.608b9e21.chunk.min.js]
[www.tmax.co.kr/rb_wixui.corvid_core.60e5a3a4.chunk.min.js]
[www.tmax.co.kr/rb_wixui.thunderbolt_mobile.3ea9ad42.chunk.min.12f.delayed]
[www.tmax.co.kr/decodeURIComponent(e]
[browser.sentry-cdn.com/5.21.4/bundle.min.js]
[www.tmax.co.kr/feed.xml]
[bundler.wix-code.com/e5ce6d35-a709-47a9-a1ff-4ee5445c3591/6ec0251b-67f7-41ed-8f7e-d03b0eb1789c/0ace05df-f45f-4cd2-9974-2417c1fc2f50/pages/zg724.139.delayed]
[www.tmax.co.kr/sitemap.xml]
[static.parastorage.com/services/wix-thunderbolt/dist/bootstrap-features.a0fc6efa.bundle.min.js]
[static.parastorage.com/services/wix-thunderbolt/dist/main.1e3e7d10.bundle.min.js]
[static.parastorage.com/unpkg/lodash@4.17.21/lodash.min.js]
[static.parastorage.com/unpkg/react@16.13.1/umd/react.production.min.js]
[static.parastorage.com/services/wix-code-platform/1.964.0/wixCodeNamespacesAndElementorySupport.min.js]
[www.w3.org/1999/xlink.html]
[app.bannersnack.com/public/bswix1a93.js]
[static.parastorage.com/services/tag-manager-client/1.427.0/siteTags.bundle.min.js]
[static.parastorage.com/services/wix-perf-measure/1.551.0/wix-perf-measure.bundle.min.js]
[www.tmax.co.kr/version/index.html]
[static.parastorage.com/unpkg/react-dom@16.13.1/umd/react-dom.production.min.js]
[static.parastorage.com/services/third-party/fonts/user-site-fonts/fonts/f70da45a-a05c-490c-ad62-7db4894b012ad41d.eot]
[static.parastorage.com/services/third-party/fonts/user-site-fonts/fonts/c5749443-93da-4592-b794-42f28d62ef72.woff]
[fonts.gstatic.com/s/montserrat/v14/JTUQjIg1_i6t8kCHKm459WxRzS7m0dR9pBOi.woff2]
[fonts.gstatic.com/s/montserrat/v14/JTUQjIg1_i6t8kCHKm459WxRxi7m0dR9pBOi.woff2]
[fonts.gstatic.com/s/montserrat/v14/JTUQjIg1_i6t8kCHKm459WxRxy7m0dR9pBOi.woff2]
[static.parastorage.com/services/third-party/fonts/user-site-fonts/fonts/73805f15-38e4-4fb7-8a08-d56bf29b483b.ttf]
[fonts.gstatic.com/s/montserrat/v14/JTUPjIg1_i6t8kCHKm459WxZcgvz8fZwjimrq1Q_.woff2]
[fonts.gstatic.com/s/montserrat/v14/JTUQjIg1_i6t8kCHKm459WxRyS7m0dR9pA.woff2]
[fonts.gstatic.com/s/montserrat/v14/JTUPjIg1_i6t8kCHKm459WxZcgvz-PZwjimrq1Q_.woff2]
[static.parastorage.com/services/third-party/fonts/user-site-fonts/fonts/8c0d8b0f-d7d6-4a72-a418-c2373e4cbf27d41d.eot]
[static.parastorage.com/services/third-party/fonts/user-site-fonts/fonts/192dac76-a6d9-413d-bb74-22308f2e0cc5.woff]
[fonts.gstatic.com/s/montserrat/v14/JTUPjIg1_i6t8kCHKm459WxZcgvz8_Zwjimrq1Q_.woff2]
[static.parastorage.com/services/third-party/fonts/user-site-fonts/fonts/47584448-98c4-436c-89b9-8d6fbeb2a776.ttf]
[fonts.gstatic.com/s/montserrat/v14/JTUPjIg1_i6t8kCHKm459WxZcgvz8vZwjimrq1Q_.woff2]
[fonts.gstatic.com/s/montserrat/v14/JTUSjIg1_i6t8kCHKm459WRhyyTh89ZNpQ.woff2]
[fonts.gstatic.com/s/montserrat/v14/JTUPjIg1_i6t8kCHKm459WxZcgvz_PZwjimrqw.woff2]
[fonts.gstatic.com/s/montserrat/v14/JTUSjIg1_i6t8kCHKm459W1hyyTh89ZNpQ.woff2]
[fonts.gstatic.com/s/montserrat/v14/JTUQjIg1_i6t8kCHKm459WxRxC7m0dR9pBOi.woff2]
[fonts.gstatic.com/s/montserrat/v14/JTUSjIg1_i6t8kCHKm459WZhyyTh89ZNpQ.woff2]
[static.parastorage.com/services/third-party/fonts/user-site-fonts/fonts/9fe262dc-5a55-4d75-91a4-aed76bd32190d41d.eot]
[fonts.gstatic.com/s/montserrat/v14/JTUSjIg1_i6t8kCHKm459WdhyyTh89ZNpQ.woff2]
[fonts.gstatic.com/s/montserrat/v14/JTUSjIg1_i6t8kCHKm459WlhyyTh89Y.woff2]
[static.parastorage.com/services/third-party/fonts/user-site-fonts/fonts/1b128d6d-126f-4c9c-8f87-3e7d30a1671c.ttf]
[fonts.gstatic.com/s/montserrat/v14/JTURjIg1_i6t8kCHKm45_dJE3gbD_vx3rCubqg.woff2]
[fonts.gstatic.com/s/montserrat/v14/JTURjIg1_i6t8kCHKm45_dJE3g3D_vx3rCubqg.woff2]
[fonts.gstatic.com/s/montserrat/v14/JTURjIg1_i6t8kCHKm45_dJE3gTD_vx3rCubqg.woff2]
[static.parastorage.com/services/third-party/fonts/user-site-fonts/fonts/3e0b2cd7-9657-438b-b4af-e04122e8f1f7d41d.eot]
[static.parastorage.com/services/third-party/fonts/user-site-fonts/fonts/bc176270-17fa-4c78-a343-9fe52824e501.woff]
[static.parastorage.com/services/third-party/fonts/user-site-fonts/fonts/3516f91d-ac48-42cd-acfe-1be691152cc4.ttf]
[static.parastorage.com/services/third-party/fonts/user-site-fonts/fonts/48e5a0e1-2d56-46e5-8fc4-3d6d5c973cbfd41d.eot]
[fonts.gstatic.com/s/poppins/v5/9VWMTeb5jtXkNoTv949NpVQlYEbsez9cZjKsNMjLOwMd41d.eot]
[static.parastorage.com/services/third-party/fonts/user-site-fonts/fonts/07d62b21-8d7a-4c36-be86-d32ab1089972.woff]
[static.parastorage.com/services/third-party/fonts/user-site-fonts/fonts/c0050890-bbed-44b9-94df-2611d72dbb06.ttf]
[fonts.gstatic.com/s/poppins/v5/9VWMTeb5jtXkNoTv949Npfk_vArhqVIZ0nv9q090hN8.woff2]
[static.parastorage.com/services/third-party/fonts/user-site-fonts/fonts/3d009cd7-c8fe-40c0-93da-74f4ea8c530bd41d.eot]
[fonts.gstatic.com/s/poppins/v5/9VWMTeb5jtXkNoTv949NpRsxEYwM7FgeyaSgU71cLG0.woff]
[fonts.gstatic.com/s/montserrat/v14/JTURjIg1_i6t8kCHKm45_dJE3gfD_vx3rCubqg.woff2]
[fonts.gstatic.com/s/poppins/v5/9VWMTeb5jtXkNoTv949NpS3USBnSvpkopQaUR-2r7iU.ttf]
[fonts.gstatic.com/l/font.svg_; filename_=UTF-8''fontab71.svg]
[static.parastorage.com/services/third-party/fonts/user-site-fonts/fonts/a9e95a29-98a7-404a-90ee-1929ad09c696.woff]
[fonts.gstatic.com/s/poppins/v5/aDjpMND83pDErGXlVEr-SVQlYEbsez9cZjKsNMjLOwMd41d.eot]
[static.parastorage.com/services/third-party/fonts/user-site-fonts/fonts/0a3939d0-3833-4db3-8b85-f64c2b3350d2.woff]
[static.parastorage.com/services/third-party/fonts/user-site-fonts/fonts/0a7663fd-eae8-4e50-a67a-225271f8cceb.ttf]
[fonts.gstatic.com/s/poppins/v5/aDjpMND83pDErGXlVEr-Sfk_vArhqVIZ0nv9q090hN8.woff2]
[static.parastorage.com/services/third-party/fonts/user-site-fonts/fonts/edefe737-dc78-4aa3-ad03-3c6f908330edd41d.eot]
[static.parastorage.com/services/third-party/fonts/user-site-fonts/fonts/0078f486-8e52-42c0-ad81-3c8d3d43f48e.woff2]
[fonts.gstatic.com/s/poppins/v5/aDjpMND83pDErGXlVEr-SRsxEYwM7FgeyaSgU71cLG0.woff]
[static.parastorage.com/services/third-party/fonts/user-site-fonts/fonts/908c4810-64db-4b46-bb8e-823eb41f68c0.woff]
[fonts.gstatic.com/s/poppins/v5/aDjpMND83pDErGXlVEr-SS3USBnSvpkopQaUR-2r7iU.ttf]
[static.parastorage.com/services/third-party/fonts/user-site-fonts/fonts/4577388c-510f-4366-addb-8b663bcc762a.ttf]
[static.parastorage.com/services/third-party/fonts/user-site-fonts/fonts/open-source/nanum-gothic-regulard41d.eot]
[fonts.gstatic.com/l/font.svg_; filename_=UTF-8''font771e.svg]
[static.parastorage.com/services/third-party/fonts/user-site-fonts/fonts/open-source/nanum-gothic-regular.woff]
[static.parastorage.com/services/third-party/fonts/user-site-fonts/fonts/open-source/nanum-gothic-regular.ttf]
[fonts.gstatic.com/s/poppins/v5/RbebACOccNN-5ixkDIVLjalSqKUsDpiXlwfj-ZM2w_Ad41d.eot]
[static.parastorage.com/services/third-party/fonts/user-site-fonts/fonts/cf053eae-ba1f-44f3-940c-a34b68ccbbdfd41d.eot]
[fonts.gstatic.com/s/poppins/v5/RbebACOccNN-5ixkDIVLjRUOjZSKWg4xBWp_C_qQx0o.woff2]
[static.parastorage.com/services/third-party/fonts/user-site-fonts/fonts/8bf38806-3423-4080-b38f-d08542f7e4ac.woff2]
[fonts.gstatic.com/s/poppins/v5/RbebACOccNN-5ixkDIVLjRa1RVmPjeKy21_GQJaLlJI.woff]
[static.parastorage.com/services/third-party/fonts/user-site-fonts/fonts/c2a69697-4f06-4764-abd4-625031a84e31.ttf]
[static.parastorage.com/services/third-party/fonts/user-site-fonts/fonts/e2b9cbeb-fa8e-41cd-8a6a-46044b29ba52.woff]
[fonts.gstatic.com/s/poppins/v5/RbebACOccNN-5ixkDIVLjdqQynqKV_9Plp7mupa0S4g.ttf]
[static.parastorage.com/services/third-party/fonts/user-site-fonts/fonts/ea95b44a-eab7-4bd1-861c-e73535e7f652d41d.eot]
[fonts.gstatic.com/l/font.svg_; filename_=UTF-8''font4a9e.svg]
[static.parastorage.com/services/third-party/fonts/user-site-fonts/fonts/4021a3b9-f782-438b-aeb4-c008109a8b64.woff]
[static.parastorage.com/services/third-party/fonts/user-site-fonts/fonts/669f79ed-002c-4ff6-965c-9da453968504.ttf]
[fonts.gstatic.com/s/poppins/v5/c4FPK8_hIFKoX59qcGwdCqlSqKUsDpiXlwfj-ZM2w_Ad41d.eot]
[fonts.gstatic.com/s/poppins/v5/c4FPK8_hIFKoX59qcGwdChUOjZSKWg4xBWp_C_qQx0o.woff2]
[static.parastorage.com/services/third-party/fonts/user-site-fonts/fonts/e4bd4516-4480-43df-aa6e-4e9b9029f53ed41d.eot]
[fonts.gstatic.com/s/poppins/v5/c4FPK8_hIFKoX59qcGwdCha1RVmPjeKy21_GQJaLlJI.woff]
[fonts.gstatic.com/s/montserrat/v14/JTURjIg1_i6t8kCHKm45_dJE3gnD_vx3rCs.woff2]
[static.parastorage.com/services/third-party/fonts/user-site-fonts/fonts/7da02f05-ae8b-43a1-aeb9-83b3c0527c06.ttf]
[static.parastorage.com/services/third-party/fonts/user-site-fonts/fonts/b56b944e-bbe0-4450-a241-de2125d3e682.woff]
[fonts.gstatic.com/s/poppins/v5/c4FPK8_hIFKoX59qcGwdCtqQynqKV_9Plp7mupa0S4g.ttf]
[fonts.gstatic.com/l/font.svg_; filename_=UTF-8''font4ce6.svg]
[static.parastorage.com/services/third-party/fonts/user-site-fonts/fonts/686a6a06-e711-4bd2-b393-8504a497bb3cd41d.eot]
[static.parastorage.com/services/third-party/fonts/user-site-fonts/fonts/6f8d1983-4d34-4fa4-9110-988f6c495757.woff]
[static.parastorage.com/services/third-party/fonts/user-site-fonts/fonts/7903ee3f-e9ab-4bdc-b7d2-d232de2da580.ttf]
[fonts.gstatic.com/s/poppins/v9/pxiGyp8kv8JHgFVrJJLucXtAOvWDSHFF.woff2]
[fonts.gstatic.com/s/poppins/v9/pxiGyp8kv8JHgFVrJJLufntAOvWDSHFF.woff2]
[fonts.gstatic.com/s/worksans/v3/z9rX03Xuz9ZNHTMg1_ghGalSqKUsDpiXlwfj-ZM2w_Ad41d.eot]
[fonts.gstatic.com/s/worksans/v3/z9rX03Xuz9ZNHTMg1_ghGRUOjZSKWg4xBWp_C_qQx0o.woff2]
[fonts.gstatic.com/s/worksans/v3/z9rX03Xuz9ZNHTMg1_ghGRa1RVmPjeKy21_GQJaLlJI.woff]
[fonts.gstatic.com/s/poppins/v9/pxiGyp8kv8JHgFVrJJLucHtAOvWDSA.woff2]
[fonts.gstatic.com/s/worksans/v3/z9rX03Xuz9ZNHTMg1_ghGdqQynqKV_9Plp7mupa0S4g.ttf]
[fonts.gstatic.com/s/poppins/v9/pxiDyp8kv8JHgFVrJJLmy15VFteOYktMqlap.woff2]
[fonts.gstatic.com/s/worksans/v3/4udXuXg54JlPEP5iKO5AmalSqKUsDpiXlwfj-ZM2w_Ad41d.eot]
[fonts.gstatic.com/s/worksans/v3/4udXuXg54JlPEP5iKO5AmRUOjZSKWg4xBWp_C_qQx0o.woff2]
[fonts.gstatic.com/s/worksans/v3/4udXuXg54JlPEP5iKO5AmRa1RVmPjeKy21_GQJaLlJI.woff]
[fonts.gstatic.com/s/worksans/v3/4udXuXg54JlPEP5iKO5AmdqQynqKV_9Plp7mupa0S4g.ttf]
[fonts.gstatic.com/s/poppins/v9/pxiDyp8kv8JHgFVrJJLmy15VGdeOYktMqlap.woff2]
[fonts.gstatic.com/s/poppins/v9/pxiDyp8kv8JHgFVrJJLmy15VF9eOYktMqg.woff2]
[fonts.gstatic.com/s/worksans/v5/QGYsz_wNahGAdqQ43Rh_cqDptfpA4cD3.woff2]
[fonts.gstatic.com/s/worksans/v5/QGYsz_wNahGAdqQ43Rh_fKDptfpA4Q.woff2]
[fonts.gstatic.com/s/worksans/v5/QGYpz_wNahGAdqQ43Rh3x4X8lthNy_r-K7mV.woff2]
[fonts.gstatic.com/s/poppins/v9/pxiEyp8kv8JHgFVrJJbecnFHGPezSQ.woff2]
[fonts.gstatic.com/s/worksans/v5/QGYpz_wNahGAdqQ43Rh3x4X8mNhNy_r-Kw.woff2]
[fonts.gstatic.com/s/poppins/v9/pxiEyp8kv8JHgFVrJJnecnFHGPezSQ.woff2]
[fonts.gstatic.com/s/poppins/v9/pxiEyp8kv8JHgFVrJJfecnFHGPc.woff2]
[fonts.gstatic.com/s/poppins/v9/pxiByp8kv8JHgFVrLCz7Z11lFd2JQEl8qw.woff2]
[fonts.gstatic.com/s/poppins/v9/pxiByp8kv8JHgFVrLCz7Z1JlFd2JQEl8qw.woff2]
[fonts.gstatic.com/s/poppins/v9/pxiByp8kv8JHgFVrLCz7Z1xlFd2JQEk.woff2]
[static.wixstatic.com/media/adcb2b_9b3731fe171643099bd4ba2c600a8781_mv2.png/v1/fill/w_148,h_51,al_c,usm_0.66_1.00_0.01,blur_3/logo.png]
[static.wixstatic.com/media/adcb2b_b94fb018668e4469bb47f5bb3723a3dc_mv2.jpg/v1/fill/w_478,h_239,al_c,q_80,usm_0.66_1.00_0.01,blur_2/333.jpg]
[static.wixstatic.com/media/adcb2b_2be5a242461a48e687aeb7cd89ad7737f000.jpg/v1/fill/w_435,h_245,al_c,q_80,usm_0.66_1.00_0.01,blur_2/adcb2b_2be5a242461a48e687aeb7cd89ad7737f000.jpg]
[static.wixstatic.com/media/adcb2b_9b3731fe171643099bd4ba2c600a8781_mv2.png/v1/fill/w_70,h_24,al_c,usm_0.66_1.00_0.01,blur_3/logo.png]
[static.wixstatic.com/media/adcb2b_537216015d6e4f0d8b43410d56dd3d11_mv2.jpg/v1/fill/w_122,h_136,al_c,q_80,usm_0.66_1.00_0.01,blur_2/1.jpg]
[static.wixstatic.com/media/adcb2b_7ae7e70e82604593beedf292b44282a3_mv2.jpg/v1/fill/w_122,h_136,al_c,q_80,usm_0.66_1.00_0.01,blur_2/2.jpg]
[www.tmax.co.kr/a-c-saas.html]
[static.wixstatic.com/media/adcb2b_ae4c25e9cf1e4fb690b2c05e0c0a1f11_mv2.jpg/v1/fill/w_122,h_136,al_c,q_80,usm_0.66_1.00_0.01,blur_2/3.jpg]
[www.tmax.co.kr/a-c-transformation.html]
[tivine.co.kr/index.html]
[www.tmaxsoft.com/index.html]
[static.wixstatic.com/media/adcb2b_9b3731fe171643099bd4ba2c600a8781_mv2.png/v1/fill/w_69,h_24,al_c,usm_0.66_1.00_0.01,blur_3/logo.png]
[blog.naver.com/wapl_ai.html]
[www.youtube.com/channel/UCSL_WpbQKwxFZpdMSqRaRTg.html]
[www.facebook.com/unsupportedbrowser.html]
[www.tmax.co.kr/wapl-썸네일-수정.jpg]
[www.tmax.co.kr/awe.jpg]
[static.wixstatic.com/media/adcb2b_c64c484236e24d3f8982804ce8266b53_mv2.jpg/v1/crop/x_28,y_482,w_1682,h_915/fill/w_118,h_64,al_c,q_80,usm_0.66_1.00_0.01,blur_2/awe.jpg]
[www.tmax.co.kr/tmaxwaplstudy-썸네일.jpg]
[hypermeeting.biz/index.html]
[blog.naver.com/wapl_ai/222420855567.html]
[www.youtube.com/watcha632.html]
[www.tmax.co.kr/logo.png]
[www.tmax.co.kr/index.html]
[static.parastorage.com/services/wix-thunderbolt/dist/index.html]
[www.tmax.co.kr/47b73115.min.html]
[www.tmax.co.kr/1a3ca2ee.min.html]
[www.tmax.co.kr/16e44c05.min.html]
[www.tmax.co.kr/6ac53ab7.min.html]
[www.tmax.co.kr/02595569.min.html]
[www.tmax.co.kr/e5861f41.min.html]
[www.tmax.co.kr/c53e42d7.min.html]
[www.tmax.co.kr/da6c52cb.min.html]
[www.tmax.co.kr/3d2759f7.min.html]
[www.tmax.co.kr/960c3a88.min.html]
[www.tmax.co.kr/390543ac.min.html]
[www.tmax.co.kr/15b8d937.min.html]
[www.tmax.co.kr/f36661fb.min.html]
[www.tmax.co.kr/aa613bd1.min.html]
[www.tmax.co.kr/395efea1.min.html]
[www.tmax.co.kr/6daaad8b.min.html]
[www.tmax.co.kr/bf91693c.min.html]
[www.tmax.co.kr/b4ae8803.min.html]
[www.tmax.co.kr/62ccedec.min.html]
[www.tmax.co.kr/ae08c227.min.html]
[www.tmax.co.kr/11f27093.min.html]
[www.tmax.co.kr/9b155e90.min.html]
[www.tmax.co.kr/4ec2545d.min.html]
[www.tmax.co.kr/1bbe301d.min.html]
[www.tmax.co.kr/e78a13b3.min.html]
[www.tmax.co.kr/b604fd33.min.html]
[www.tmax.co.kr/48c6d58d.min.html]
[www.tmax.co.kr/439c90c8.min.html]
[www.tmax.co.kr/cd69f57c.min.html]
[www.tmax.co.kr/bc223d50.min.html]
[www.tmax.co.kr/bc2466c0.min.html]
[www.tmax.co.kr/5d7b6bbf.min.html]
[www.tmax.co.kr/3fdab364.min.html]
[www.tmax.co.kr/20d93486.min.html]
[www.tmax.co.kr/9692b4a8.min.html]
[www.tmax.co.kr/914012ea.min.html]
[www.tmax.co.kr/ffa0eb8f.min.html]
[www.tmax.co.kr/fe8be6d6.min.html]
[www.tmax.co.kr/a28cca36.min.html]
[www.tmax.co.kr/02b07b80.min.html]
[www.tmax.co.kr/265e9a4a.min.html]
[www.tmax.co.kr/ff342417.min.html]
[www.tmax.co.kr/2a1582d7.min.html]
[www.tmax.co.kr/eb321d93.min.html]
[www.tmax.co.kr/06cfef68.min.html]
[www.tmax.co.kr/49a18e23.min.html]
[www.tmax.co.kr/2467b183.min.html]
[www.tmax.co.kr/f9fd7cbe.min.html]
[www.tmax.co.kr/e142d0f4.min.html]
[www.tmax.co.kr/96a73741.min.html]
[www.tmax.co.kr/4c758e80.min.html]
[www.tmax.co.kr/44b62fdc.min.html]
[www.tmax.co.kr/7f8c7c3e.min.html]
[www.tmax.co.kr/fbbc0ea4.min.html]
[www.tmax.co.kr/5d29307d.min.html]
[www.tmax.co.kr/85af43ab.min.html]
[www.tmax.co.kr/7010eb60.min.html]
[www.tmax.co.kr/566bec70.min.html]
[www.tmax.co.kr/fc40122e.min.html]
[www.tmax.co.kr/45242c23.min.html]
[www.tmax.co.kr/0efca64c.min.html]
[www.tmax.co.kr/42ccdc69.min.html]
[www.tmax.co.kr/4ea3b970.min.html]
[www.tmax.co.kr/0ee85551.min.html]
[www.tmax.co.kr/085f85ee.min.html]
[www.tmax.co.kr/fc21aae5.min.html]
[www.tmax.co.kr/641eb53d.min.html]
[www.tmax.co.kr/cabcae51.min.html]
[www.tmax.co.kr/b66c178d.min.html]
[www.tmax.co.kr/c7fdedca.min.html]
[www.tmax.co.kr/ce9dcea4.min.html]
[www.tmax.co.kr/bc497b45.min.html]
[www.tmax.co.kr/2acb415c.min.html]
[www.tmax.co.kr/7d6cd51b.min.html]
[www.tmax.co.kr/16e57088.min.html]
[www.tmax.co.kr/0a1c073a.min.html]
[www.tmax.co.kr/1ac8fc0f.min.html]
[www.tmax.co.kr/e5d84163.min.html]
[www.tmax.co.kr/d5f023bb.min.html]
[www.tmax.co.kr/d820de38.min.html]
[www.tmax.co.kr/012dc85e.min.html]
[www.tmax.co.kr/9d29a199.min.html]
[www.tmax.co.kr/381ee71b.min.html]
[www.tmax.co.kr/bf413556.min.html]
[www.tmax.co.kr/316080a6.min.html]
[www.tmax.co.kr/51a9742f.min.html]
[www.tmax.co.kr/bf732f1f.min.html]
[www.tmax.co.kr/99f4b3eb.min.html]
[www.tmax.co.kr/a545d558.min.html]
[www.tmax.co.kr/2dbd3d0a.min.html]
[www.tmax.co.kr/5346ce3f.min.html]
[www.tmax.co.kr/f658a9c4.min.html]
[www.tmax.co.kr/7c9ceb1e.min.html]
[www.tmax.co.kr/aa72298b.min.html]
[www.tmax.co.kr/6ea2cb1c.min.html]
[www.tmax.co.kr/a9c2732c.min.html]
[www.tmax.co.kr/93e61b80.min.html]
[www.tmax.co.kr/4bbd8d4f.min.html]
[www.tmax.co.kr/f4297adc.min.html]
[www.tmax.co.kr/f3af5621.min.html]
[www.tmax.co.kr/23167c06.min.html]
[www.tmax.co.kr/4c919285.min.html]
[www.tmax.co.kr/99e902d9.min.html]
[www.tmax.co.kr/7761d6fc.min.html]
[www.tmax.co.kr/164e68d9.min.html]
[www.tmax.co.kr/40e5d5cf.min.html]
[www.tmax.co.kr/7c602eb2.min.html]
[www.tmax.co.kr/6b4c7217.min.html]
[www.tmax.co.kr/5b26625f.min.html]
[www.tmax.co.kr/2e327647.min.html]
[www.tmax.co.kr/4a6a7fc9.min.html]
[www.tmax.co.kr/f52e40aa.min.html]
[www.tmax.co.kr/29ef3ea9.min.html]
[www.tmax.co.kr/8a33f286.min.html]
[www.tmax.co.kr/a1e4335b.min.html]
[www.tmax.co.kr/6df35c38.min.html]
[www.tmax.co.kr/b8760986.min.html]
[www.tmax.co.kr/37bd0eeb.min.html]
[www.tmax.co.kr/8d04f72e.min.html]
[www.tmax.co.kr/84c587cd.min.html]
[www.tmax.co.kr/23e436be.min.html]
[www.tmax.co.kr/41f1fa78.min.html]
[www.tmax.co.kr/3e581339.min.html]
[www.tmax.co.kr/a2f0f523.min.html]
[www.tmax.co.kr/86aca973.min.html]
[www.tmax.co.kr/7c1692b1.min.html]
[www.tmax.co.kr/8005d5c1.min.html]
[www.tmax.co.kr/0e20a470.min.html]
[www.tmax.co.kr/c9b5bd15.min.html]
[www.tmax.co.kr/8c688a9d.min.html]
[www.tmax.co.kr/6b1e299b.min.html]
[www.tmax.co.kr/11d68990.min.html]
[www.tmax.co.kr/3f166307.min.html]
[www.tmax.co.kr/1355ec40.min.html]
[www.tmax.co.kr/48220e7a.min.html]
[www.tmax.co.kr/eca71e40.min.html]
[www.tmax.co.kr/024f5250.min.html]
[www.tmax.co.kr/54e8ad37.min.html]
[www.tmax.co.kr/c79634ce.min.html]
[www.tmax.co.kr/036d1c2c.min.html]
[www.tmax.co.kr/04c30725.min.html]
[www.tmax.co.kr/685dda1c.min.html]
[www.tmax.co.kr/70558d9b.min.html]
[www.tmax.co.kr/b43bc41a.min.html]
[www.tmax.co.kr/aff3efe3.min.html]
[www.tmax.co.kr/44306cc3.min.html]
[www.tmax.co.kr/f08a1c03.min.html]
[www.tmax.co.kr/6818c64c.min.html]
[www.tmax.co.kr/4fa4a352.min.html]
[www.tmax.co.kr/97d7cd97.min.html]
[www.tmax.co.kr/a1e76019.min.html]
[www.tmax.co.kr/b4bc6361.min.html]
[www.tmax.co.kr/9eed3e82.min.html]
[www.tmax.co.kr/ce776e38.min.html]
[www.tmax.co.kr/4a43b954.min.html]
[www.tmax.co.kr/799d016a.min.html]
[www.tmax.co.kr/c434348a.min.html]
[www.tmax.co.kr/4038e1e2.min.html]
[www.tmax.co.kr/c24f5e69.min.html]
[www.tmax.co.kr/8ab00128.min.html]
[www.tmax.co.kr/45eee88d.min.html]
[www.tmax.co.kr/7df86004.min.html]
[www.tmax.co.kr/145b5660.min.html]
[www.tmax.co.kr/3e624017.min.html]
[www.tmax.co.kr/eb810a4a.min.html]
[www.tmax.co.kr/81ed76c3.min.html]
[www.tmax.co.kr/d1f9c7e6.min.html]
[www.tmax.co.kr/34377b4a.min.html]
[www.tmax.co.kr/fcdab481.min.html]
[www.tmax.co.kr/b0da3a19.min.html]
[www.tmax.co.kr/70e8afa8.min.html]
[www.tmax.co.kr/9c39b1d1.min.html]
[www.tmax.co.kr/59f9faa0.min.html]
[www.tmax.co.kr/b92ba9ff.min.html]
[www.tmax.co.kr/91e61dab.min.html]
[www.tmax.co.kr/41f245d4.min.html]
[www.tmax.co.kr/e24e08e7.min.html]
[www.tmax.co.kr/2366b4ac.min.html]
[www.tmax.co.kr/234a3248.min.html]
[www.tmax.co.kr/13eb5276.min.html]
[www.tmax.co.kr/2978359e.min.html]
[www.tmax.co.kr/4b1f6567.min.html]
[www.tmax.co.kr/4e6fba8d.min.html]
[www.tmax.co.kr/883064bf.min.html]
[www.tmax.co.kr/55fd4990.min.html]
[www.tmax.co.kr/882dfccd.min.html]
[www.tmax.co.kr/70efe3c5.min.html]
[www.tmax.co.kr/6d011635.min.html]
[www.tmax.co.kr/af38aead.min.html]
[www.tmax.co.kr/39cfb47d.min.html]
[www.tmax.co.kr/1a1f2ab9.min.html]
[www.tmax.co.kr/5ed4e092.min.html]
[www.tmax.co.kr/75512b1a.min.html]
[www.tmax.co.kr/2a38244f.min.html]
[www.tmax.co.kr/837e8139.min.html]
[www.tmax.co.kr/f8ec65c6.min.html]
[www.tmax.co.kr/913e0517.min.html]
[www.tmax.co.kr/2ce475e3.min.html]
[www.tmax.co.kr/96f4b814.min.html]
[www.tmax.co.kr/efcd8729.min.html]
[www.tmax.co.kr/0ebb4539.min.html]
[www.tmax.co.kr/c9371416.min.html]
[www.tmax.co.kr/84fca3f0.min.html]
[www.tmax.co.kr/44b60e9d.min.html]
[www.tmax.co.kr/48e483a5.min.html]
[www.tmax.co.kr/100a01ba.min.html]
[www.tmax.co.kr/dba31346.min.html]
[www.tmax.co.kr/5a61fee8.min.html]
[www.tmax.co.kr/6010b816.min.html]
[www.tmax.co.kr/99e9084d.min.html]
[www.tmax.co.kr/39cdb6e7.min.html]
[www.tmax.co.kr/98f5e34d.min.html]
[www.tmax.co.kr/4bd62377.min.html]
[www.tmax.co.kr/f6b4449f.min.html]
[www.tmax.co.kr/692d3cfd.min.html]
[www.tmax.co.kr/dda10bbb.min.html]
[www.tmax.co.kr/826aa068.min.html]
[www.tmax.co.kr/71561e01.min.html]
[www.tmax.co.kr/2aa93db9.min.html]
[www.tmax.co.kr/ac1f0c83.min.html]
[www.tmax.co.kr/3fc3aa14.min.html]
[www.tmax.co.kr/eed9660c.min.html]
[www.tmax.co.kr/e98ddd9c.min.html]
[www.tmax.co.kr/9f54505f.min.html]
[www.tmax.co.kr/82a3c6bd.min.html]
[www.tmax.co.kr/959e5e9e.min.html]
[www.tmax.co.kr/c6933345.min.html]
[www.tmax.co.kr/7ac66a81.min.html]
[www.tmax.co.kr/7f6e9aff.min.html]
[www.tmax.co.kr/7197ceeb.min.html]
[www.tmax.co.kr/4d761874.min.html]
[www.tmax.co.kr/57ee110f.min.html]
[www.tmax.co.kr/723e4fed.min.html]
[www.tmax.co.kr/7d0d5475.min.html]
[www.tmax.co.kr/d9e9ecf4.min.html]
[www.tmax.co.kr/4d71157d.min.html]
[www.tmax.co.kr/30611ad6.min.html]
[www.tmax.co.kr/3107aee2.min.html]
[www.tmax.co.kr/add763df.min.html]
[www.tmax.co.kr/20a005d9.min.html]
[www.tmax.co.kr/f12c724d.min.html]
[www.tmax.co.kr/b240b5cd.min.html]
[www.tmax.co.kr/9d437fe6.min.html]
[www.tmax.co.kr/c79506ef.min.html]
[www.tmax.co.kr/2683b280.min.html]
[www.tmax.co.kr/e356d735.min.html]
[www.tmax.co.kr/1fef0d1f.min.html]
[www.tmax.co.kr/4e9ee1a3.min.html]
[www.tmax.co.kr/8845e14b.min.html]
[www.tmax.co.kr/a7d5ac4b.min.html]
[www.tmax.co.kr/015a530e.min.html]
[www.tmax.co.kr/b6e3e82f.min.html]
[www.tmax.co.kr/731d5bce.min.html]
[www.tmax.co.kr/c61ac2b6.min.html]
[www.tmax.co.kr/c9d89f77.min.html]
[www.tmax.co.kr/77753e29.min.html]
[www.tmax.co.kr/2a3ba4df.min.html]
[www.tmax.co.kr/1150efce.min.html]
[www.tmax.co.kr/dbfd66d7.min.html]
[www.tmax.co.kr/e1813de1.min.html]
[www.tmax.co.kr/34b72cf9.min.html]
[www.tmax.co.kr/5d684912.min.html]
[www.tmax.co.kr/07d43a5b.min.html]
[www.tmax.co.kr/74e60b57.min.html]
[www.tmax.co.kr/71b202df.min.html]
[www.tmax.co.kr/b1140d86.min.html]
[www.tmax.co.kr/cd620fee.min.html]
[www.tmax.co.kr/ed87aa35.min.html]
[www.tmax.co.kr/f0dc1b0d.min.html]
[www.tmax.co.kr/a5995c4f.min.html]
[www.tmax.co.kr/8df597f4.min.html]
[www.tmax.co.kr/28856597.min.html]
[www.tmax.co.kr/5d8342a8.min.html]
[www.tmax.co.kr/2ebba997.min.html]
[www.tmax.co.kr/752ed7c6.min.html]
[www.tmax.co.kr/ecd167d2.min.html]
[www.tmax.co.kr/c64b57c8.min.html]
[www.tmax.co.kr/27565bf7.min.html]
[www.tmax.co.kr/426f7bc5.min.html]
[www.tmax.co.kr/f605a452.min.html]
[www.tmax.co.kr/38f9ee39.min.html]
[www.tmax.co.kr/90ab4450.min.html]
[www.tmax.co.kr/da15e916.min.html]
[www.tmax.co.kr/8a50d1c3.min.html]
[www.tmax.co.kr/912c5006.min.html]
[www.tmax.co.kr/60bf524a.min.html]
[www.tmax.co.kr/696515ba.min.html]
[www.tmax.co.kr/608b9e21.chunk.min.html]
[www.tmax.co.kr/eb2749c3.chunk.min.html]
[www.tmax.co.kr/95694db6.chunk.min.html]
[www.tmax.co.kr/95dab5f2.chunk.min.html]
[www.tmax.co.kr/rb_wixui.thunderbolt_bootstrap-classic.0d371d24.chunk.min.html]
[www.tmax.co.kr/rb_wixui.thunderbolt_common-site-members-dialogs.63305b9e.chunk.min.html]
[www.tmax.co.kr/rb_wixui.thunderbolt_common-site-members-dialogs.95dab5f2.chunk.min.html]
[www.tmax.co.kr/rb_wixui.thunderbolt_bootstrap-responsive.a66c1914.chunk.min.html]
[www.tmax.co.kr/rb_wixui.thunderbolt_bootstrap-responsive.95694db6.chunk.min.html]
[www.tmax.co.kr/rb_wixui.thunderbolt_bootstrap.d2bc8922.chunk.min.html]
[www.tmax.co.kr/rb_wixui.thunderbolt_bootstrap.608b9e21.chunk.min.html]
[www.tmax.co.kr/rb_wixui.corvid_core.60e5a3a4.chunk.min.html]
[www.tmax.co.kr/rb_wixui.thunderbolt_mobile.3ea9ad42.chunk.min.html]
[www.tmax.co.kr/decodeURIComponent(e.html]
[www.tmax.co.kr/feed.html]
[www.w3.org/1999/xlink.html]
[www.tmax.co.kr/version/index.html]
[static.wixstatic.com/media/adcb2b_9b3731fe171643099bd4ba2c600a8781_mv2.png/v1/crop/x_0,y_21,w_835,h_267/fill/w_120,h_38,al_c,usm_0.66_1.00_0.01,blur_3/logo.png]
[fonts.gstatic.com/s/montserrat/v14/JTUQjIg1_i6t8kCHKm459WxRxC7m0dR9pBOi.woff2]
[static.parastorage.com/services/third-party/fonts/user-site-fonts/fonts/d1b1e866-a411-42ba-8f75-72bf28e23694.svg]
[static.parastorage.com/services/third-party/fonts/user-site-fonts/fonts/9f774d17-c03a-418e-a375-34f3beecbc7a.svg]
[static.parastorage.com/services/third-party/fonts/user-site-fonts/fonts/58ae9be9-5d95-44b6-8b6c-e6da6a46822c.svg]
[static.parastorage.com/services/third-party/fonts/user-site-fonts/fonts/b0268c31-e450-4159-bfea-e0d20e2b5c0c.svg]
[static.parastorage.com/services/third-party/fonts/user-site-fonts/fonts/dc423cc1-bf86-415c-bc7d-ad7dde416a34.svg]
[static.parastorage.com/services/third-party/fonts/user-site-fonts/fonts/d17bc040-9e8b-4397-8356-8153f4a64edf.svg]
[static.parastorage.com/services/third-party/fonts/user-site-fonts/fonts/66cac56e-d017-4544-9d0c-f7d978f0c5c2.svg]
[static.parastorage.com/services/third-party/fonts/user-site-fonts/fonts/9c58e9ea-fdea-4b9c-b0f9-0a2157389ed0.svg]
[fonts.gstatic.com/l/font.svg_; filename_=UTF-8''font16c3.svg]
[fonts.gstatic.com/l/font.svg_; filename_=UTF-8''font36a7.svg]
[static.parastorage.com/services/third-party/fonts/user-site-fonts/fonts/874bbc4a-0091-49f0-93ef-ea4e69c3cc7a.svg]
[static.parastorage.com/services/third-party/fonts/user-site-fonts/fonts/375c70e5-6822-492b-8408-7cd350440af7.svg]
[static.parastorage.com/services/third-party/fonts/user-site-fonts/fonts/b791c850-fde1-48b3-adf0-8998d55b0866.svg]
[fonts.gstatic.com/l/font.svg_; filename_=UTF-8''fontab71.svg]
[fonts.gstatic.com/l/font.svg_; filename_=UTF-8''font771e.svg]
[fonts.gstatic.com/l/font.svg_; filename_=UTF-8''font4a9e.svg]
[fonts.gstatic.com/l/font.svg_; filename_=UTF-8''font4ce6.svg]
[www.tmax.co.kr/티맥스-소개.html]
[www.tmax.co.kr/제품.html]
[www.tmax.co.kr/database.html]
[www.tmax.co.kr/cloud-platform.html]
[www.tmax.co.kr/ai-big-data-platform.html]
[www.tmax.co.kr/operating-system.html]
[www.tmax.co.kr/application-software.html]
[www.tmax.co.kr/tmaxnow.html]
[www.tmax.co.kr/newsletter.html]
[www.tmax.co.kr/webinar.html]
[www.tmax.co.kr/recruit-update.html]
[www.tmax.co.kr/contact.html]
[kr.tmaxsoft.com/main.html]
[www.tmaxdata.com/main.html]
[tmaxanc.com/index.html]
[www.tmaxtibero.com/main.html]
[www.tmax.co.kr/tmaxai.html]
[www.tmax.co.kr/tmaxbi.html]
[www.tmax.co.kr/tmaxcloud.html]
[www.tmax.co.kr/tmaxoffice.html]
[www.tmax.co.kr/tmaxos.html]
[www.tmax.co.kr/tmaxos-1.html]
[tivine.co.kr/index.html]
[www.tmaxsoft.com/index.html]
[technet.tmaxsoft.com/ko/front/main/main.html]
[wapl.ai/indexd50b.html]
[www.facebook.com/unsupportedbrowser.html]
[www.youtube.com/channel/UCSL_WpbQKwxFZpdMSqRaRTg.html]
[post.naver.com/tmaxhq.html]
[blog.naver.com/wapl_ai.html]
[www.linkedin.com/company/75504868/admin/index.html]
[www.tmax.co.kr/a-c-saas.html]
[www.tmax.co.kr/a-c-transformation.html]
[www.tmax.co.kr/wapl-썸네일-수정.html]
[www.tmax.co.kr/awe.html]
[wapl.ai/index3c55.html]
[hypermeeting.biz/index.html]
[www.tmax.co.kr/tmaxwaplstudy-썸네일.html]
[post.naver.com/viewer/postViewe31c.html]
[www.youtube.com/watcha632.html]
[blog.naver.com/wapl_ai/222420855567.html]
[post.naver.com/viewer/postView1c67.html]
[www.tmax.co.kr/logo.html]
[static.wixstatic.com/media/adcb2b_b647ddf18e314c0693807c1c7efb86a4_mv2.jpg/v1/crop/x_0,y_0,w_1920,h_987/fill/w_124,h_64,al_c,q_80,usm_0.66_1.00_0.01,blur_2/tmaxwaplstudy-썸네일.html]
[static.wixstatic.com/media/adcb2b_65b3f15cf358405eb8ed925a14b63876_mv2.jpg/v1/crop/x_0,y_36,w_1920,h_1007/fill/w_122,h_64,al_c,q_80,usm_0.66_1.00_0.01,blur_2/wapl-썸네일-수정.html]
[localhost_4200/index.html]
[bo.wix.com/suricate/index.html]
